[2018-12-17 15:47:41] INFO [main: CodeCraft-2019.py, 21] car_path is config/car.txt
[2018-12-17 15:47:41] INFO [main: CodeCraft-2019.py, 22] road_path is config/road.txt
[2018-12-17 15:47:41] INFO [main: CodeCraft-2019.py, 23] cross_path is config/cross.txt
[2018-12-17 15:47:41] INFO [main: CodeCraft-2019.py, 24] answer_path is config/answer.txt[2019-03-17 23:24:05] INFO [main: CodeCraft-2019.py, 29] car_path is ../config/car.txt
[2019-03-17 23:24:05] INFO [main: CodeCraft-2019.py, 30] road_path is ../config/road.txt
[2019-03-17 23:24:05] INFO [main: CodeCraft-2019.py, 31] cross_path is ../config/cross.txt
[2019-03-17 23:24:05] INFO [main: CodeCraft-2019.py, 32] answer_path is ../config/answer.txt
[2019-03-19 21:22:04] INFO [main: CodeCraft-2019.py, 325] car_path is config/car.txt
[2019-03-19 21:22:04] INFO [main: CodeCraft-2019.py, 326] road_path is config/road.txt
[2019-03-19 21:22:04] INFO [main: CodeCraft-2019.py, 327] cross_path is config/cross.txt
[2019-03-19 21:22:04] INFO [main: CodeCraft-2019.py, 328] answer_path is config/answer.txt
[2019-03-19 21:23:37] INFO [main: CodeCraft-2019.py, 332] car_path is config/car.txt
[2019-03-19 21:23:37] INFO [main: CodeCraft-2019.py, 333] road_path is config/road.txt
[2019-03-19 21:23:37] INFO [main: CodeCraft-2019.py, 334] cross_path is config/cross.txt
[2019-03-19 21:23:37] INFO [main: CodeCraft-2019.py, 335] answer_path is config/answer.txt
[2019-03-19 21:24:25] INFO [main: CodeCraft-2019.py, 338] car_path is config/car.txt
[2019-03-19 21:24:25] INFO [main: CodeCraft-2019.py, 339] road_path is config/road.txt
[2019-03-19 21:24:25] INFO [main: CodeCraft-2019.py, 340] cross_path is config/cross.txt
[2019-03-19 21:24:25] INFO [main: CodeCraft-2019.py, 341] answer_path is config/answer.txt
[2019-03-19 21:24:47] INFO [main: CodeCraft-2019.py, 338] car_path is config/car.txt
[2019-03-19 21:24:47] INFO [main: CodeCraft-2019.py, 339] road_path is config/road.txt
[2019-03-19 21:24:47] INFO [main: CodeCraft-2019.py, 340] cross_path is config/cross.txt
[2019-03-19 21:24:47] INFO [main: CodeCraft-2019.py, 341] answer_path is config/answer.txt
[2019-03-19 21:25:40] INFO [main: CodeCraft-2019.py, 338] car_path is config/car.txt
[2019-03-19 21:25:40] INFO [main: CodeCraft-2019.py, 339] road_path is config/road.txt
[2019-03-19 21:25:40] INFO [main: CodeCraft-2019.py, 340] cross_path is config/cross.txt
[2019-03-19 21:25:40] INFO [main: CodeCraft-2019.py, 341] answer_path is config/answer.txt
[2019-03-19 21:26:24] INFO [main: CodeCraft-2019.py, 338] car_path is config/car.txt
[2019-03-19 21:26:24] INFO [main: CodeCraft-2019.py, 339] road_path is config/road.txt
[2019-03-19 21:26:24] INFO [main: CodeCraft-2019.py, 340] cross_path is config/cross.txt
[2019-03-19 21:26:24] INFO [main: CodeCraft-2019.py, 341] answer_path is config/answer.txt
[2019-03-19 21:27:13] INFO [main: CodeCraft-2019.py, 342] car_path is config/car.txt
[2019-03-19 21:27:13] INFO [main: CodeCraft-2019.py, 343] road_path is config/road.txt
[2019-03-19 21:27:13] INFO [main: CodeCraft-2019.py, 344] cross_path is config/cross.txt
[2019-03-19 21:27:13] INFO [main: CodeCraft-2019.py, 345] answer_path is config/answer.txt
[2019-03-19 21:27:26] INFO [main: CodeCraft-2019.py, 345] car_path is config/car.txt
[2019-03-19 21:27:26] INFO [main: CodeCraft-2019.py, 346] road_path is config/road.txt
[2019-03-19 21:27:26] INFO [main: CodeCraft-2019.py, 347] cross_path is config/cross.txt
[2019-03-19 21:27:26] INFO [main: CodeCraft-2019.py, 348] answer_path is config/answer.txt
[2019-03-19 21:28:23] INFO [main: CodeCraft-2019.py, 347] car_path is config/car.txt
[2019-03-19 21:28:23] INFO [main: CodeCraft-2019.py, 348] road_path is config/road.txt
[2019-03-19 21:28:23] INFO [main: CodeCraft-2019.py, 349] cross_path is config/cross.txt
[2019-03-19 21:28:23] INFO [main: CodeCraft-2019.py, 350] answer_path is config/answer.txt
[2019-03-19 21:29:31] INFO [main: CodeCraft-2019.py, 347] car_path is config/car.txt
[2019-03-19 21:29:31] INFO [main: CodeCraft-2019.py, 348] road_path is config/road.txt
[2019-03-19 21:29:31] INFO [main: CodeCraft-2019.py, 349] cross_path is config/cross.txt
[2019-03-19 21:29:31] INFO [main: CodeCraft-2019.py, 350] answer_path is config/answer.txt
[2019-03-19 21:30:11] INFO [main: CodeCraft-2019.py, 347] car_path is config/car.txt
[2019-03-19 21:30:11] INFO [main: CodeCraft-2019.py, 348] road_path is config/road.txt
[2019-03-19 21:30:11] INFO [main: CodeCraft-2019.py, 349] cross_path is config/cross.txt
[2019-03-19 21:30:11] INFO [main: CodeCraft-2019.py, 350] answer_path is config/answer.txt
[2019-03-19 21:30:42] INFO [main: CodeCraft-2019.py, 347] car_path is config/car.txt
[2019-03-19 21:30:42] INFO [main: CodeCraft-2019.py, 348] road_path is config/road.txt
[2019-03-19 21:30:42] INFO [main: CodeCraft-2019.py, 349] cross_path is config/cross.txt
[2019-03-19 21:30:42] INFO [main: CodeCraft-2019.py, 350] answer_path is config/answer.txt
